<?xml version="1.0" encoding="UTF-8"?>
<testsuites>
  <testsuite name="App\Tests\PartenaireControllerTest" file="/home/mak/Transfert/tests/AjoutControllerTest.php" tests="1" assertions="1" errors="0" failures="1" skipped="0" time="1.705222">
    <testcase name="testAjoutPartenaire" class="App\Tests\PartenaireControllerTest" classname="App.Tests.PartenaireControllerTest" file="/home/mak/Transfert/tests/AjoutControllerTest.php" line="6" assertions="1" time="1.705222">
      <failure type="PHPUnit\Framework\ExpectationFailedException">App\Tests\PartenaireControllerTest::testAjoutPartenaire
Failed asserting that 500 is identical to 201.

/home/mak/Transfert/tests/AjoutControllerTest.php:28
</failure>
      <system-out>/home/mak/Transfert/tests/AjoutControllerTest.php:27:
class Symfony\Component\HttpFoundation\Response#1986 (6) {
  public $headers =&gt;
  class Symfony\Component\HttpFoundation\ResponseHeaderBag#1925 (5) {
    protected $computedCacheControl =&gt;
    array(2) {
      'no-cache' =&gt;
      bool(true)
      'private' =&gt;
      bool(true)
    }
    protected $cookies =&gt;
    array(0) {
    }
    protected $headerNames =&gt;
    array(5) {
      'content-type' =&gt;
      string(12) "Content-Type"
      'cache-control' =&gt;
      string(13) "Cache-Control"
      'date' =&gt;
      string(4) "Date"
      'x-robots-tag' =&gt;
      string(12) "X-Robots-Tag"
      'link' =&gt;
      string(4) "Link"
    }
    protected $headers =&gt;
    array(5) {
      'content-type' =&gt;
      array(1) {
        ...
      }
      'cache-control' =&gt;
      array(1) {
        ...
      }
      'date' =&gt;
      array(1) {
        ...
      }
      'x-robots-tag' =&gt;
      array(1) {
        ...
      }
      'link' =&gt;
      array(1) {
        ...
      }
    }
    protected $cacheControl =&gt;
    array(0) {
    }
  }
  protected $content =&gt;
  string(251532) "&lt;!DOCTYPE html&gt;
&lt;html&gt;
    &lt;head&gt;
        &lt;meta charset="UTF-8" /&gt;
        &lt;meta name="robots" content="noindex,nofollow" /&gt;
        &lt;meta name="viewport" content="width=device-width,initial-scale=1" /&gt;
        &lt;title&gt;    Mapping not found for field &amp;quot;imageFile&amp;quot; (500 Internal Server Error)
&lt;/title&gt;
        &lt;link rel="icon" type="image/png" href="data:image/png;base64,iVBORw0KGgoAAAANSUhEUgAAABwAAAAgCAYAAAABtRhCAAADVUlEQVRIx82XX0jTURTHLYPyqZdefQx66CEo80+aYpoIkqzUikz6Z5klQoWUWYRIJYEUGpQ+lIr9U5dOTLdCt"...
  protected $version =&gt;
  string(3) "1.1"
  protected $statusCode =&gt;
  int(500)
  protected $statusText =&gt;
  string(21) "Internal Server Error"
  protected $charset =&gt;
  string(5) "UTF-8"
}
</system-out>
    </testcase>
  </testsuite>
</testsuites>
