<?xml version="1.0" encoding="UTF-8"?>
<testsuites>
  <testsuite name="App\Tests\PartenaireControllerTest" file="/home/mak/Nei-yawi-Transfert/tests/AjoutControllerTest.php" tests="1" assertions="1" errors="0" failures="0" skipped="0" time="1.317459">
    <testcase name="testAjoutDepot" class="App\Tests\PartenaireControllerTest" classname="App.Tests.PartenaireControllerTest" file="/home/mak/Nei-yawi-Transfert/tests/AjoutControllerTest.php" line="47" assertions="1" time="1.317459">
      <system-out>/home/mak/Nei-yawi-Transfert/tests/AjoutControllerTest.php:62:
class Symfony\Component\HttpFoundation\Response#446 (6) {
  public $headers =&gt;
  class Symfony\Component\HttpFoundation\ResponseHeaderBag#387 (5) {
    protected $computedCacheControl =&gt;
    array(2) {
      'no-cache' =&gt;
      bool(true)
      'private' =&gt;
      bool(true)
    }
    protected $cookies =&gt;
    array(0) {
    }
    protected $headerNames =&gt;
    array(5) {
      'cache-control' =&gt;
      string(13) "Cache-Control"
      'date' =&gt;
      string(4) "Date"
      'content-type' =&gt;
      string(12) "Content-Type"
      'link' =&gt;
      string(4) "Link"
      'x-robots-tag' =&gt;
      string(12) "X-Robots-Tag"
    }
    protected $headers =&gt;
    array(5) {
      'cache-control' =&gt;
      array(1) {
        ...
      }
      'date' =&gt;
      array(1) {
        ...
      }
      'content-type' =&gt;
      array(1) {
        ...
      }
      'link' =&gt;
      array(1) {
        ...
      }
      'x-robots-tag' =&gt;
      array(1) {
        ...
      }
    }
    protected $cacheControl =&gt;
    array(0) {
    }
  }
  protected $content =&gt;
  string(28) "Le dépôt a été effectué"
  protected $version =&gt;
  string(3) "1.1"
  protected $statusCode =&gt;
  int(201)
  protected $statusText =&gt;
  string(7) "Created"
  protected $charset =&gt;
  string(5) "UTF-8"
}
</system-out>
    </testcase>
  </testsuite>
</testsuites>
